[2019-03-11 14:10:17,990/CST][main][ERROR]Can not output merged.log4j.properties,because can not write to directory of file file:/E:/mvn/org/apache/servicecomb/foundation-common/1.0.0/foundation-common-1.0.0.jar!/config/base/log4j.properties org.apache.servicecomb.foundation.common.utils.Log4jUtils.outputFile(Log4jUtils.java:103)
[2019-03-11 14:10:18,009/CST][main][INFO]Found main class "com.huawei.cse.porter.gateway.GatewayMain". org.apache.servicecomb.foundation.common.utils.JvmUtils.findMainClass(JvmUtils.java:62)
[2019-03-11 14:10:18,070/CST][main][INFO]Refreshing org.springframework.context.support.ClassPathXmlApplicationContext@1936f0f5: startup date [Mon Mar 11 14:10:18 CST 2019]; root of context hierarchy org.springframework.context.support.AbstractApplicationContext.prepareRefresh(AbstractApplicationContext.java:583)
[2019-03-11 14:10:18,137/CST][main][INFO]Loading XML bean definitions from URL [jar:file:/E:/mvn/org/apache/servicecomb/foundation-common/1.0.0/foundation-common-1.0.0.jar!/META-INF/spring/common.bean.xml] org.springframework.beans.factory.xml.XmlBeanDefinitionReader.loadBeanDefinitions(XmlBeanDefinitionReader.java:317)
[2019-03-11 14:10:18,500/CST][main][INFO]Loading XML bean definitions from URL [jar:file:/E:/mvn/org/apache/servicecomb/java-chassis-core/1.0.0/java-chassis-core-1.0.0.jar!/META-INF/spring/cse.bean.xml] org.springframework.beans.factory.xml.XmlBeanDefinitionReader.loadBeanDefinitions(XmlBeanDefinitionReader.java:317)
[2019-03-11 14:10:19,191/CST][main][INFO]Loading XML bean definitions from URL [jar:file:/E:/mvn/org/apache/servicecomb/foundation-config/1.1.0.B036/foundation-config-1.1.0.B036.jar!/META-INF/spring/cse.bean.xml] org.springframework.beans.factory.xml.XmlBeanDefinitionReader.loadBeanDefinitions(XmlBeanDefinitionReader.java:317)
[2019-03-11 14:10:19,209/CST][main][INFO]Loading XML bean definitions from URL [jar:file:/E:/mvn/org/apache/servicecomb/foundation-vertx/1.1.0.B036/foundation-vertx-1.1.0.B036.jar!/META-INF/spring/cse.bean.xml] org.springframework.beans.factory.xml.XmlBeanDefinitionReader.loadBeanDefinitions(XmlBeanDefinitionReader.java:317)
[2019-03-11 14:10:19,230/CST][main][INFO]Loading XML bean definitions from URL [jar:file:/E:/mvn/org/apache/servicecomb/handler-bizkeeper/1.1.0.B036/handler-bizkeeper-1.1.0.B036.jar!/META-INF/spring/cse.bean.xml] org.springframework.beans.factory.xml.XmlBeanDefinitionReader.loadBeanDefinitions(XmlBeanDefinitionReader.java:317)
[2019-03-11 14:10:19,244/CST][main][INFO]Loading XML bean definitions from URL [jar:file:/E:/mvn/org/apache/servicecomb/handler-loadbalance/1.1.0.B036/handler-loadbalance-1.1.0.B036.jar!/META-INF/spring/cse.bean.xml] org.springframework.beans.factory.xml.XmlBeanDefinitionReader.loadBeanDefinitions(XmlBeanDefinitionReader.java:317)
[2019-03-11 14:10:19,257/CST][main][INFO]Loading XML bean definitions from URL [jar:file:/E:/mvn/com/huawei/paas/cse/cse-handler-cloud-extension/2.3.62/cse-handler-cloud-extension-2.3.62.jar!/META-INF/spring/services.bean.xml] org.springframework.beans.factory.xml.XmlBeanDefinitionReader.loadBeanDefinitions(XmlBeanDefinitionReader.java:317)
[2019-03-11 14:10:19,725/CST][main][INFO]Environment received, will get configurations from [org.springframework.core.env.StandardEnvironment@488600086]. org.apache.servicecomb.config.ConfigurationSpringInitializer.setEnvironment(ConfigurationSpringInitializer.java:59)
[2019-03-11 14:10:19,798/CST][main][WARN]No URLs will be polled as dynamic configuration sources. com.netflix.config.sources.URLConfigurationSource.<init>(URLConfigurationSource.java:121)
[2019-03-11 14:10:19,799/CST][main][INFO]To enable URLs as dynamic configuration sources, define System property archaius.configurationSource.additionalUrls or make config.properties available on classpath. com.netflix.config.sources.URLConfigurationSource.<init>(URLConfigurationSource.java:122)
[2019-03-11 14:10:19,907/CST][main][ERROR]cse-config-order will not be supported in future, please change it to servicecomb-config-order org.apache.servicecomb.config.archaius.sources.AbstractConfigLoader.load(AbstractConfigLoader.java:73)
[2019-03-11 14:10:19,910/CST][main][ERROR]cse-config-order will not be supported in future, please change it to servicecomb-config-order org.apache.servicecomb.config.archaius.sources.AbstractConfigLoader.load(AbstractConfigLoader.java:73)
[2019-03-11 14:10:19,917/CST][main][INFO]create local config: org.apache.servicecomb.config.ConfigUtil.createLocalConfig(ConfigUtil.java:114)
[2019-03-11 14:10:19,918/CST][main][INFO] jar:file:/E:/mvn/org/apache/servicecomb/java-chassis-core/1.0.0/java-chassis-core-1.0.0.jar!/microservice.yaml. org.apache.servicecomb.config.ConfigUtil.createLocalConfig(ConfigUtil.java:116)
[2019-03-11 14:10:19,919/CST][main][INFO] jar:file:/E:/mvn/com/huawei/paas/cse/cse-solution-service-engine/2.3.62/cse-solution-service-engine-2.3.62.jar!/microservice.yaml. org.apache.servicecomb.config.ConfigUtil.createLocalConfig(ConfigUtil.java:116)
[2019-03-11 14:10:19,919/CST][main][INFO] file:/E:/github/poter/porter_lightweight/common/target/classes/microservice.yaml. org.apache.servicecomb.config.ConfigUtil.createLocalConfig(ConfigUtil.java:116)
[2019-03-11 14:10:19,919/CST][main][INFO] file:/E:/github/poter/porter_lightweight/gateway-service/target/classes/microservice.yaml. org.apache.servicecomb.config.ConfigUtil.createLocalConfig(ConfigUtil.java:116)
[2019-03-11 14:10:20,002/CST][main][INFO]Found SPI service org.apache.servicecomb.config.spi.ConfigCenterConfigurationSource, count=1. org.apache.servicecomb.foundation.common.utils.SPIServiceUtils.loadSortedService(SPIServiceUtils.java:76)
[2019-03-11 14:10:20,003/CST][main][INFO]  0. org.apache.servicecomb.config.archaius.sources.ConfigCenterConfigurationSourceImpl. org.apache.servicecomb.foundation.common.utils.SPIServiceUtils.loadSortedService(SPIServiceUtils.java:79)
[2019-03-11 14:10:20,014/CST][main][ERROR]cse-config-order will not be supported in future, please change it to servicecomb-config-order org.apache.servicecomb.config.archaius.sources.AbstractConfigLoader.load(AbstractConfigLoader.java:73)
[2019-03-11 14:10:20,017/CST][main][ERROR]cse-config-order will not be supported in future, please change it to servicecomb-config-order org.apache.servicecomb.config.archaius.sources.AbstractConfigLoader.load(AbstractConfigLoader.java:73)
[2019-03-11 14:10:20,020/CST][main][INFO]create local config: org.apache.servicecomb.config.ConfigUtil.createLocalConfig(ConfigUtil.java:114)
[2019-03-11 14:10:20,021/CST][main][INFO] jar:file:/E:/mvn/org/apache/servicecomb/java-chassis-core/1.0.0/java-chassis-core-1.0.0.jar!/microservice.yaml. org.apache.servicecomb.config.ConfigUtil.createLocalConfig(ConfigUtil.java:116)
[2019-03-11 14:10:20,021/CST][main][INFO] jar:file:/E:/mvn/com/huawei/paas/cse/cse-solution-service-engine/2.3.62/cse-solution-service-engine-2.3.62.jar!/microservice.yaml. org.apache.servicecomb.config.ConfigUtil.createLocalConfig(ConfigUtil.java:116)
[2019-03-11 14:10:20,021/CST][main][INFO] file:/E:/github/poter/porter_lightweight/common/target/classes/microservice.yaml. org.apache.servicecomb.config.ConfigUtil.createLocalConfig(ConfigUtil.java:116)
[2019-03-11 14:10:20,022/CST][main][INFO] file:/E:/github/poter/porter_lightweight/gateway-service/target/classes/microservice.yaml. org.apache.servicecomb.config.ConfigUtil.createLocalConfig(ConfigUtil.java:116)
[2019-03-11 14:10:20,034/CST][main][INFO]Found SPI service org.apache.servicecomb.deployment.DeploymentProvider, count=1. org.apache.servicecomb.foundation.common.utils.SPIServiceUtils.loadSortedService(SPIServiceUtils.java:76)
[2019-03-11 14:10:20,035/CST][main][INFO]  0. org.apache.servicecomb.deployment.DefaultDeploymentProvider. org.apache.servicecomb.foundation.common.utils.SPIServiceUtils.loadSortedService(SPIServiceUtils.java:79)
[2019-03-11 14:10:20,780/CST][main][WARN]keyStore [E:\github\poter\porter_lightweight\gateway-service\server.p12] file not exist, please check! org.apache.servicecomb.foundation.vertx.VertxTLSBuilder.buildTCPSSLOptions(VertxTLSBuilder.java:118)
[2019-03-11 14:10:20,780/CST][main][WARN]trustStore [E:\github\poter\porter_lightweight\gateway-service\trust.jks] file not exist, please check! org.apache.servicecomb.foundation.vertx.VertxTLSBuilder.buildTCPSSLOptions(VertxTLSBuilder.java:138)
[2019-03-11 14:10:21,512/CST][config-center-vert.x-eventloop-thread-0][INFO]add network interface name:eth3,host address:10.129.52.171 org.apache.servicecomb.foundation.common.net.NetUtils.doGetIpv4AddressFromNetworkInterface(NetUtils.java:118)
[2019-03-11 14:10:21,534/CST][config-center-vert.x-eventloop-thread-0][INFO]add host name from localhost:USER-20190208HG,host address:10.129.52.171 org.apache.servicecomb.foundation.common.net.NetUtils.doGetHostNameAndHostAddress(NetUtils.java:76)
[2019-03-11 14:10:21,625/CST][config-center-vert.x-eventloop-thread-0][INFO]Found SPI service com.huawei.paas.foundation.auth.credentials.AKSKCipher, count=2. org.apache.servicecomb.foundation.common.utils.SPIServiceUtils.loadSortedService(SPIServiceUtils.java:76)
[2019-03-11 14:10:21,625/CST][config-center-vert.x-eventloop-thread-0][INFO]  0. com.huawei.paas.foundation.auth.credentials.DefaultAKSKCipher. org.apache.servicecomb.foundation.common.utils.SPIServiceUtils.loadSortedService(SPIServiceUtils.java:79)
[2019-03-11 14:10:21,625/CST][config-center-vert.x-eventloop-thread-0][INFO]  1. com.huawei.paas.foundation.auth.credentials.SecurityAKSKCipher. org.apache.servicecomb.foundation.common.utils.SPIServiceUtils.loadSortedService(SPIServiceUtils.java:79)
[2019-03-11 14:10:21,626/CST][config-center-vert.x-eventloop-thread-0][INFO]add ak/sk cipher default com.huawei.paas.foundation.auth.credentials.AKSKManager.lambda$static$0(AKSKManager.java:41)
[2019-03-11 14:10:21,626/CST][config-center-vert.x-eventloop-thread-0][INFO]add ak/sk cipher security com.huawei.paas.foundation.auth.credentials.AKSKManager.lambda$static$0(AKSKManager.java:41)
[2019-03-11 14:10:21,627/CST][config-center-vert.x-eventloop-thread-0][INFO]read ak/sk from microservice.yaml. com.huawei.paas.foundation.auth.credentials.AKSKOption.buildFromYaml(AKSKOption.java:158)
[2019-03-11 14:10:21,644/CST][config-center-vert.x-eventloop-thread-0][INFO]The application missing project infomation, so choose a nearest one [cn-north-1] com.huawei.paas.foundation.auth.credentials.AKSKManager.getCredential(AKSKManager.java:81)
[2019-03-11 14:10:22,283/CST][config-center-vert.x-eventloop-thread-0][ERROR]Config update from https://cse.cn-north-1.myhuaweicloud.com failed. org.apache.servicecomb.config.client.ConfigCenterClient$ConfigRefresh.lambda$null$11(ConfigCenterClient.java:409)
[2019-03-11 14:10:22,293/CST][config-center-vert.x-eventloop-thread-0][ERROR]Server error message is [{"error_code":"SVCSTG.CSE.401401","error_message":"auth token valid fail: AK is not exist!"}]. org.apache.servicecomb.config.client.ConfigCenterClient$ConfigRefresh.lambda$null$10(ConfigCenterClient.java:405)
[2019-03-11 14:10:22,456/CST][config-center-vert.x-eventloop-thread-0][ERROR]Config update from https://cse.cn-north-1.myhuaweicloud.com failed. org.apache.servicecomb.config.client.ConfigCenterClient$ConfigRefresh.lambda$null$11(ConfigCenterClient.java:409)
[2019-03-11 14:10:22,457/CST][config-center-vert.x-eventloop-thread-0][ERROR]Server error message is [{"error_code":"SVCSTG.CSE.401401","error_message":"auth token valid fail: AK is not exist!"}]. org.apache.servicecomb.config.client.ConfigCenterClient$ConfigRefresh.lambda$null$10(ConfigCenterClient.java:405)
[2019-03-11 14:11:47,793/CST][main][ERROR]Can not output merged.log4j.properties,because can not write to directory of file file:/E:/mvn/org/apache/servicecomb/foundation-common/1.0.0/foundation-common-1.0.0.jar!/config/base/log4j.properties org.apache.servicecomb.foundation.common.utils.Log4jUtils.outputFile(Log4jUtils.java:103)
[2019-03-11 14:11:47,805/CST][main][INFO]Found main class "com.huawei.cse.porter.gateway.GatewayMain". org.apache.servicecomb.foundation.common.utils.JvmUtils.findMainClass(JvmUtils.java:62)
[2019-03-11 14:11:47,846/CST][main][INFO]Refreshing org.springframework.context.support.ClassPathXmlApplicationContext@1936f0f5: startup date [Mon Mar 11 14:11:47 CST 2019]; root of context hierarchy org.springframework.context.support.AbstractApplicationContext.prepareRefresh(AbstractApplicationContext.java:583)
[2019-03-11 14:11:47,932/CST][main][INFO]Loading XML bean definitions from URL [jar:file:/E:/mvn/org/apache/servicecomb/foundation-common/1.0.0/foundation-common-1.0.0.jar!/META-INF/spring/common.bean.xml] org.springframework.beans.factory.xml.XmlBeanDefinitionReader.loadBeanDefinitions(XmlBeanDefinitionReader.java:317)
[2019-03-11 14:11:48,037/CST][main][INFO]Loading XML bean definitions from URL [jar:file:/E:/mvn/org/apache/servicecomb/java-chassis-core/1.0.0/java-chassis-core-1.0.0.jar!/META-INF/spring/cse.bean.xml] org.springframework.beans.factory.xml.XmlBeanDefinitionReader.loadBeanDefinitions(XmlBeanDefinitionReader.java:317)
[2019-03-11 14:11:48,541/CST][main][INFO]Loading XML bean definitions from URL [jar:file:/E:/mvn/org/apache/servicecomb/foundation-config/1.1.0.B036/foundation-config-1.1.0.B036.jar!/META-INF/spring/cse.bean.xml] org.springframework.beans.factory.xml.XmlBeanDefinitionReader.loadBeanDefinitions(XmlBeanDefinitionReader.java:317)
[2019-03-11 14:11:48,574/CST][main][INFO]Loading XML bean definitions from URL [jar:file:/E:/mvn/org/apache/servicecomb/foundation-vertx/1.1.0.B036/foundation-vertx-1.1.0.B036.jar!/META-INF/spring/cse.bean.xml] org.springframework.beans.factory.xml.XmlBeanDefinitionReader.loadBeanDefinitions(XmlBeanDefinitionReader.java:317)
[2019-03-11 14:11:48,595/CST][main][INFO]Loading XML bean definitions from URL [jar:file:/E:/mvn/org/apache/servicecomb/handler-bizkeeper/1.1.0.B036/handler-bizkeeper-1.1.0.B036.jar!/META-INF/spring/cse.bean.xml] org.springframework.beans.factory.xml.XmlBeanDefinitionReader.loadBeanDefinitions(XmlBeanDefinitionReader.java:317)
[2019-03-11 14:11:48,609/CST][main][INFO]Loading XML bean definitions from URL [jar:file:/E:/mvn/org/apache/servicecomb/handler-loadbalance/1.1.0.B036/handler-loadbalance-1.1.0.B036.jar!/META-INF/spring/cse.bean.xml] org.springframework.beans.factory.xml.XmlBeanDefinitionReader.loadBeanDefinitions(XmlBeanDefinitionReader.java:317)
[2019-03-11 14:11:48,631/CST][main][INFO]Loading XML bean definitions from URL [jar:file:/E:/mvn/com/huawei/paas/cse/cse-handler-cloud-extension/2.3.62/cse-handler-cloud-extension-2.3.62.jar!/META-INF/spring/services.bean.xml] org.springframework.beans.factory.xml.XmlBeanDefinitionReader.loadBeanDefinitions(XmlBeanDefinitionReader.java:317)
[2019-03-11 14:11:49,026/CST][main][INFO]Environment received, will get configurations from [org.springframework.core.env.StandardEnvironment@488600086]. org.apache.servicecomb.config.ConfigurationSpringInitializer.setEnvironment(ConfigurationSpringInitializer.java:59)
[2019-03-11 14:11:49,044/CST][main][WARN]No URLs will be polled as dynamic configuration sources. com.netflix.config.sources.URLConfigurationSource.<init>(URLConfigurationSource.java:121)
[2019-03-11 14:11:49,045/CST][main][INFO]To enable URLs as dynamic configuration sources, define System property archaius.configurationSource.additionalUrls or make config.properties available on classpath. com.netflix.config.sources.URLConfigurationSource.<init>(URLConfigurationSource.java:122)
[2019-03-11 14:11:49,129/CST][main][ERROR]cse-config-order will not be supported in future, please change it to servicecomb-config-order org.apache.servicecomb.config.archaius.sources.AbstractConfigLoader.load(AbstractConfigLoader.java:73)
[2019-03-11 14:11:49,135/CST][main][ERROR]cse-config-order will not be supported in future, please change it to servicecomb-config-order org.apache.servicecomb.config.archaius.sources.AbstractConfigLoader.load(AbstractConfigLoader.java:73)
[2019-03-11 14:11:49,151/CST][main][INFO]create local config: org.apache.servicecomb.config.ConfigUtil.createLocalConfig(ConfigUtil.java:114)
[2019-03-11 14:11:49,152/CST][main][INFO] jar:file:/E:/mvn/org/apache/servicecomb/java-chassis-core/1.0.0/java-chassis-core-1.0.0.jar!/microservice.yaml. org.apache.servicecomb.config.ConfigUtil.createLocalConfig(ConfigUtil.java:116)
[2019-03-11 14:11:49,153/CST][main][INFO] jar:file:/E:/mvn/com/huawei/paas/cse/cse-solution-service-engine/2.3.62/cse-solution-service-engine-2.3.62.jar!/microservice.yaml. org.apache.servicecomb.config.ConfigUtil.createLocalConfig(ConfigUtil.java:116)
[2019-03-11 14:11:49,153/CST][main][INFO] file:/E:/github/poter/porter_lightweight/common/target/classes/microservice.yaml. org.apache.servicecomb.config.ConfigUtil.createLocalConfig(ConfigUtil.java:116)
[2019-03-11 14:11:49,153/CST][main][INFO] file:/E:/github/poter/porter_lightweight/gateway-service/target/classes/microservice.yaml. org.apache.servicecomb.config.ConfigUtil.createLocalConfig(ConfigUtil.java:116)
[2019-03-11 14:11:49,198/CST][main][INFO]Found SPI service org.apache.servicecomb.config.spi.ConfigCenterConfigurationSource, count=1. org.apache.servicecomb.foundation.common.utils.SPIServiceUtils.loadSortedService(SPIServiceUtils.java:76)
[2019-03-11 14:11:49,199/CST][main][INFO]  0. org.apache.servicecomb.config.archaius.sources.ConfigCenterConfigurationSourceImpl. org.apache.servicecomb.foundation.common.utils.SPIServiceUtils.loadSortedService(SPIServiceUtils.java:79)
[2019-03-11 14:11:49,206/CST][main][ERROR]cse-config-order will not be supported in future, please change it to servicecomb-config-order org.apache.servicecomb.config.archaius.sources.AbstractConfigLoader.load(AbstractConfigLoader.java:73)
[2019-03-11 14:11:49,209/CST][main][ERROR]cse-config-order will not be supported in future, please change it to servicecomb-config-order org.apache.servicecomb.config.archaius.sources.AbstractConfigLoader.load(AbstractConfigLoader.java:73)
[2019-03-11 14:11:49,212/CST][main][INFO]create local config: org.apache.servicecomb.config.ConfigUtil.createLocalConfig(ConfigUtil.java:114)
[2019-03-11 14:11:49,212/CST][main][INFO] jar:file:/E:/mvn/org/apache/servicecomb/java-chassis-core/1.0.0/java-chassis-core-1.0.0.jar!/microservice.yaml. org.apache.servicecomb.config.ConfigUtil.createLocalConfig(ConfigUtil.java:116)
[2019-03-11 14:11:49,213/CST][main][INFO] jar:file:/E:/mvn/com/huawei/paas/cse/cse-solution-service-engine/2.3.62/cse-solution-service-engine-2.3.62.jar!/microservice.yaml. org.apache.servicecomb.config.ConfigUtil.createLocalConfig(ConfigUtil.java:116)
[2019-03-11 14:11:49,213/CST][main][INFO] file:/E:/github/poter/porter_lightweight/common/target/classes/microservice.yaml. org.apache.servicecomb.config.ConfigUtil.createLocalConfig(ConfigUtil.java:116)
[2019-03-11 14:11:49,213/CST][main][INFO] file:/E:/github/poter/porter_lightweight/gateway-service/target/classes/microservice.yaml. org.apache.servicecomb.config.ConfigUtil.createLocalConfig(ConfigUtil.java:116)
[2019-03-11 14:11:49,222/CST][main][INFO]Found SPI service org.apache.servicecomb.deployment.DeploymentProvider, count=1. org.apache.servicecomb.foundation.common.utils.SPIServiceUtils.loadSortedService(SPIServiceUtils.java:76)
[2019-03-11 14:11:49,222/CST][main][INFO]  0. org.apache.servicecomb.deployment.DefaultDeploymentProvider. org.apache.servicecomb.foundation.common.utils.SPIServiceUtils.loadSortedService(SPIServiceUtils.java:79)
[2019-03-11 14:11:49,615/CST][main][WARN]keyStore [E:\github\poter\porter_lightweight\gateway-service\server.p12] file not exist, please check! org.apache.servicecomb.foundation.vertx.VertxTLSBuilder.buildTCPSSLOptions(VertxTLSBuilder.java:118)
[2019-03-11 14:11:49,616/CST][main][WARN]trustStore [E:\github\poter\porter_lightweight\gateway-service\trust.jks] file not exist, please check! org.apache.servicecomb.foundation.vertx.VertxTLSBuilder.buildTCPSSLOptions(VertxTLSBuilder.java:138)
[2019-03-11 14:11:49,988/CST][config-center-vert.x-eventloop-thread-0][INFO]add network interface name:eth3,host address:10.129.52.171 org.apache.servicecomb.foundation.common.net.NetUtils.doGetIpv4AddressFromNetworkInterface(NetUtils.java:118)
[2019-03-11 14:11:50,010/CST][config-center-vert.x-eventloop-thread-0][INFO]add host name from localhost:USER-20190208HG,host address:10.129.52.171 org.apache.servicecomb.foundation.common.net.NetUtils.doGetHostNameAndHostAddress(NetUtils.java:76)
[2019-03-11 14:11:50,044/CST][config-center-vert.x-eventloop-thread-0][INFO]Found SPI service com.huawei.paas.foundation.auth.credentials.AKSKCipher, count=2. org.apache.servicecomb.foundation.common.utils.SPIServiceUtils.loadSortedService(SPIServiceUtils.java:76)
[2019-03-11 14:11:50,045/CST][config-center-vert.x-eventloop-thread-0][INFO]  0. com.huawei.paas.foundation.auth.credentials.DefaultAKSKCipher. org.apache.servicecomb.foundation.common.utils.SPIServiceUtils.loadSortedService(SPIServiceUtils.java:79)
[2019-03-11 14:11:50,045/CST][config-center-vert.x-eventloop-thread-0][INFO]  1. com.huawei.paas.foundation.auth.credentials.SecurityAKSKCipher. org.apache.servicecomb.foundation.common.utils.SPIServiceUtils.loadSortedService(SPIServiceUtils.java:79)
[2019-03-11 14:11:50,046/CST][config-center-vert.x-eventloop-thread-0][INFO]add ak/sk cipher default com.huawei.paas.foundation.auth.credentials.AKSKManager.lambda$static$0(AKSKManager.java:41)
[2019-03-11 14:11:50,046/CST][config-center-vert.x-eventloop-thread-0][INFO]add ak/sk cipher security com.huawei.paas.foundation.auth.credentials.AKSKManager.lambda$static$0(AKSKManager.java:41)
[2019-03-11 14:11:50,048/CST][config-center-vert.x-eventloop-thread-0][INFO]read ak/sk from microservice.yaml. com.huawei.paas.foundation.auth.credentials.AKSKOption.buildFromYaml(AKSKOption.java:158)
[2019-03-11 14:11:50,052/CST][config-center-vert.x-eventloop-thread-0][INFO]The application missing project infomation, so choose a nearest one [cn-north-1] com.huawei.paas.foundation.auth.credentials.AKSKManager.getCredential(AKSKManager.java:81)
[2019-03-11 14:11:50,596/CST][config-center-vert.x-eventloop-thread-0][ERROR]Config update from https://cse.cn-north-1.myhuaweicloud.com failed. org.apache.servicecomb.config.client.ConfigCenterClient$ConfigRefresh.lambda$null$11(ConfigCenterClient.java:409)
[2019-03-11 14:11:50,606/CST][config-center-vert.x-eventloop-thread-0][ERROR]Server error message is [{"error_code":"SVCSTG.CSE.401401","error_message":"auth token valid fail: AK is not exist!"}]. org.apache.servicecomb.config.client.ConfigCenterClient$ConfigRefresh.lambda$null$10(ConfigCenterClient.java:405)
[2019-03-11 14:11:50,983/CST][config-center-vert.x-eventloop-thread-0][ERROR]Config update from https://cse.cn-north-1.myhuaweicloud.com failed. org.apache.servicecomb.config.client.ConfigCenterClient$ConfigRefresh.lambda$null$11(ConfigCenterClient.java:409)
[2019-03-11 14:11:50,985/CST][config-center-vert.x-eventloop-thread-0][ERROR]Server error message is [{"error_code":"SVCSTG.CSE.401401","error_message":"auth token valid fail: AK is not exist!"}]. org.apache.servicecomb.config.client.ConfigCenterClient$ConfigRefresh.lambda$null$10(ConfigCenterClient.java:405)
[2019-03-11 14:11:56,065/CST][config-center-vert.x-eventloop-thread-0][ERROR]Config update from https://cse.cn-north-1.myhuaweicloud.com failed. org.apache.servicecomb.config.client.ConfigCenterClient$ConfigRefresh.lambda$null$11(ConfigCenterClient.java:409)
[2019-03-11 14:11:56,066/CST][config-center-vert.x-eventloop-thread-0][ERROR]Server error message is [{"error_code":"SVCSTG.CSE.401401","error_message":"auth token valid fail: AK is not exist!"}]. org.apache.servicecomb.config.client.ConfigCenterClient$ConfigRefresh.lambda$null$10(ConfigCenterClient.java:405)
[2019-03-11 14:12:01,134/CST][config-center-vert.x-eventloop-thread-0][ERROR]Config update from https://cse.cn-north-1.myhuaweicloud.com failed. org.apache.servicecomb.config.client.ConfigCenterClient$ConfigRefresh.lambda$null$11(ConfigCenterClient.java:409)
[2019-03-11 14:12:01,134/CST][config-center-vert.x-eventloop-thread-0][ERROR]Server error message is [{"error_code":"SVCSTG.CSE.401401","error_message":"auth token valid fail: AK is not exist!"}]. org.apache.servicecomb.config.client.ConfigCenterClient$ConfigRefresh.lambda$null$10(ConfigCenterClient.java:405)
[2019-03-11 14:12:06,249/CST][config-center-vert.x-eventloop-thread-0][ERROR]Config update from https://cse.cn-north-1.myhuaweicloud.com failed. org.apache.servicecomb.config.client.ConfigCenterClient$ConfigRefresh.lambda$null$11(ConfigCenterClient.java:409)
[2019-03-11 14:12:06,250/CST][config-center-vert.x-eventloop-thread-0][ERROR]Server error message is [{"error_code":"SVCSTG.CSE.401401","error_message":"auth token valid fail: AK is not exist!"}]. org.apache.servicecomb.config.client.ConfigCenterClient$ConfigRefresh.lambda$null$10(ConfigCenterClient.java:405)
[2019-03-11 14:12:11,360/CST][config-center-vert.x-eventloop-thread-0][ERROR]Config update from https://cse.cn-north-1.myhuaweicloud.com failed. org.apache.servicecomb.config.client.ConfigCenterClient$ConfigRefresh.lambda$null$11(ConfigCenterClient.java:409)
[2019-03-11 14:12:11,362/CST][config-center-vert.x-eventloop-thread-0][ERROR]Server error message is [{"error_code":"SVCSTG.CSE.401401","error_message":"auth token valid fail: AK is not exist!"}]. org.apache.servicecomb.config.client.ConfigCenterClient$ConfigRefresh.lambda$null$10(ConfigCenterClient.java:405)
[2019-03-11 14:12:16,663/CST][config-center-vert.x-eventloop-thread-0][ERROR]Config update from https://cse.cn-north-1.myhuaweicloud.com failed. org.apache.servicecomb.config.client.ConfigCenterClient$ConfigRefresh.lambda$null$11(ConfigCenterClient.java:409)
[2019-03-11 14:12:16,664/CST][config-center-vert.x-eventloop-thread-0][ERROR]Server error message is [{"error_code":"SVCSTG.CSE.401401","error_message":"auth token valid fail: AK is not exist!"}]. org.apache.servicecomb.config.client.ConfigCenterClient$ConfigRefresh.lambda$null$10(ConfigCenterClient.java:405)
[2019-03-11 14:12:22,029/CST][config-center-vert.x-eventloop-thread-0][ERROR]Config update from https://cse.cn-north-1.myhuaweicloud.com failed. org.apache.servicecomb.config.client.ConfigCenterClient$ConfigRefresh.lambda$null$11(ConfigCenterClient.java:409)
[2019-03-11 14:12:22,029/CST][config-center-vert.x-eventloop-thread-0][ERROR]Server error message is [{"error_code":"SVCSTG.CSE.401401","error_message":"auth token valid fail: AK is not exist!"}]. org.apache.servicecomb.config.client.ConfigCenterClient$ConfigRefresh.lambda$null$10(ConfigCenterClient.java:405)
[2019-03-11 14:12:27,098/CST][config-center-vert.x-eventloop-thread-0][ERROR]Config update from https://cse.cn-north-1.myhuaweicloud.com failed. org.apache.servicecomb.config.client.ConfigCenterClient$ConfigRefresh.lambda$null$11(ConfigCenterClient.java:409)
[2019-03-11 14:12:27,100/CST][config-center-vert.x-eventloop-thread-0][ERROR]Server error message is [{"error_code":"SVCSTG.CSE.401401","error_message":"auth token valid fail: AK is not exist!"}]. org.apache.servicecomb.config.client.ConfigCenterClient$ConfigRefresh.lambda$null$10(ConfigCenterClient.java:405)
[2019-03-11 14:14:36,171/CST][main][ERROR]Can not output merged.log4j.properties,because can not write to directory of file file:/E:/mvn/org/apache/servicecomb/foundation-common/1.0.0/foundation-common-1.0.0.jar!/config/base/log4j.properties org.apache.servicecomb.foundation.common.utils.Log4jUtils.outputFile(Log4jUtils.java:103)
[2019-03-11 14:14:36,182/CST][main][INFO]Found main class "com.huawei.cse.porter.gateway.GatewayMain". org.apache.servicecomb.foundation.common.utils.JvmUtils.findMainClass(JvmUtils.java:62)
[2019-03-11 14:14:36,223/CST][main][INFO]Refreshing org.springframework.context.support.ClassPathXmlApplicationContext@1936f0f5: startup date [Mon Mar 11 14:14:36 CST 2019]; root of context hierarchy org.springframework.context.support.AbstractApplicationContext.prepareRefresh(AbstractApplicationContext.java:583)
[2019-03-11 14:14:36,301/CST][main][INFO]Loading XML bean definitions from URL [jar:file:/E:/mvn/org/apache/servicecomb/foundation-common/1.0.0/foundation-common-1.0.0.jar!/META-INF/spring/common.bean.xml] org.springframework.beans.factory.xml.XmlBeanDefinitionReader.loadBeanDefinitions(XmlBeanDefinitionReader.java:317)
[2019-03-11 14:14:36,395/CST][main][INFO]Loading XML bean definitions from URL [jar:file:/E:/mvn/org/apache/servicecomb/java-chassis-core/1.0.0/java-chassis-core-1.0.0.jar!/META-INF/spring/cse.bean.xml] org.springframework.beans.factory.xml.XmlBeanDefinitionReader.loadBeanDefinitions(XmlBeanDefinitionReader.java:317)
[2019-03-11 14:14:36,910/CST][main][INFO]Loading XML bean definitions from URL [jar:file:/E:/mvn/org/apache/servicecomb/foundation-config/1.1.0.B036/foundation-config-1.1.0.B036.jar!/META-INF/spring/cse.bean.xml] org.springframework.beans.factory.xml.XmlBeanDefinitionReader.loadBeanDefinitions(XmlBeanDefinitionReader.java:317)
[2019-03-11 14:14:36,927/CST][main][INFO]Loading XML bean definitions from URL [jar:file:/E:/mvn/org/apache/servicecomb/foundation-vertx/1.1.0.B036/foundation-vertx-1.1.0.B036.jar!/META-INF/spring/cse.bean.xml] org.springframework.beans.factory.xml.XmlBeanDefinitionReader.loadBeanDefinitions(XmlBeanDefinitionReader.java:317)
[2019-03-11 14:14:36,951/CST][main][INFO]Loading XML bean definitions from URL [jar:file:/E:/mvn/org/apache/servicecomb/handler-bizkeeper/1.1.0.B036/handler-bizkeeper-1.1.0.B036.jar!/META-INF/spring/cse.bean.xml] org.springframework.beans.factory.xml.XmlBeanDefinitionReader.loadBeanDefinitions(XmlBeanDefinitionReader.java:317)
[2019-03-11 14:14:36,966/CST][main][INFO]Loading XML bean definitions from URL [jar:file:/E:/mvn/org/apache/servicecomb/handler-loadbalance/1.1.0.B036/handler-loadbalance-1.1.0.B036.jar!/META-INF/spring/cse.bean.xml] org.springframework.beans.factory.xml.XmlBeanDefinitionReader.loadBeanDefinitions(XmlBeanDefinitionReader.java:317)
[2019-03-11 14:14:36,978/CST][main][INFO]Loading XML bean definitions from URL [jar:file:/E:/mvn/com/huawei/paas/cse/cse-handler-cloud-extension/2.3.62/cse-handler-cloud-extension-2.3.62.jar!/META-INF/spring/services.bean.xml] org.springframework.beans.factory.xml.XmlBeanDefinitionReader.loadBeanDefinitions(XmlBeanDefinitionReader.java:317)
[2019-03-11 14:14:37,462/CST][main][INFO]Environment received, will get configurations from [org.springframework.core.env.StandardEnvironment@488600086]. org.apache.servicecomb.config.ConfigurationSpringInitializer.setEnvironment(ConfigurationSpringInitializer.java:59)
[2019-03-11 14:14:37,492/CST][main][WARN]No URLs will be polled as dynamic configuration sources. com.netflix.config.sources.URLConfigurationSource.<init>(URLConfigurationSource.java:121)
[2019-03-11 14:14:37,492/CST][main][INFO]To enable URLs as dynamic configuration sources, define System property archaius.configurationSource.additionalUrls or make config.properties available on classpath. com.netflix.config.sources.URLConfigurationSource.<init>(URLConfigurationSource.java:122)
[2019-03-11 14:14:37,575/CST][main][ERROR]cse-config-order will not be supported in future, please change it to servicecomb-config-order org.apache.servicecomb.config.archaius.sources.AbstractConfigLoader.load(AbstractConfigLoader.java:73)
[2019-03-11 14:14:37,582/CST][main][ERROR]cse-config-order will not be supported in future, please change it to servicecomb-config-order org.apache.servicecomb.config.archaius.sources.AbstractConfigLoader.load(AbstractConfigLoader.java:73)
[2019-03-11 14:14:37,595/CST][main][INFO]create local config: org.apache.servicecomb.config.ConfigUtil.createLocalConfig(ConfigUtil.java:114)
[2019-03-11 14:14:37,598/CST][main][INFO] jar:file:/E:/mvn/org/apache/servicecomb/java-chassis-core/1.0.0/java-chassis-core-1.0.0.jar!/microservice.yaml. org.apache.servicecomb.config.ConfigUtil.createLocalConfig(ConfigUtil.java:116)
[2019-03-11 14:14:37,599/CST][main][INFO] jar:file:/E:/mvn/com/huawei/paas/cse/cse-solution-service-engine/2.3.62/cse-solution-service-engine-2.3.62.jar!/microservice.yaml. org.apache.servicecomb.config.ConfigUtil.createLocalConfig(ConfigUtil.java:116)
[2019-03-11 14:14:37,599/CST][main][INFO] file:/E:/github/poter/porter_lightweight/common/target/classes/microservice.yaml. org.apache.servicecomb.config.ConfigUtil.createLocalConfig(ConfigUtil.java:116)
[2019-03-11 14:14:37,599/CST][main][INFO] file:/E:/github/poter/porter_lightweight/gateway-service/target/classes/microservice.yaml. org.apache.servicecomb.config.ConfigUtil.createLocalConfig(ConfigUtil.java:116)
[2019-03-11 14:14:37,646/CST][main][INFO]Found SPI service org.apache.servicecomb.config.spi.ConfigCenterConfigurationSource, count=1. org.apache.servicecomb.foundation.common.utils.SPIServiceUtils.loadSortedService(SPIServiceUtils.java:76)
[2019-03-11 14:14:37,647/CST][main][INFO]  0. org.apache.servicecomb.config.archaius.sources.ConfigCenterConfigurationSourceImpl. org.apache.servicecomb.foundation.common.utils.SPIServiceUtils.loadSortedService(SPIServiceUtils.java:79)
[2019-03-11 14:14:37,653/CST][main][ERROR]cse-config-order will not be supported in future, please change it to servicecomb-config-order org.apache.servicecomb.config.archaius.sources.AbstractConfigLoader.load(AbstractConfigLoader.java:73)
[2019-03-11 14:14:37,657/CST][main][ERROR]cse-config-order will not be supported in future, please change it to servicecomb-config-order org.apache.servicecomb.config.archaius.sources.AbstractConfigLoader.load(AbstractConfigLoader.java:73)
[2019-03-11 14:14:37,659/CST][main][INFO]create local config: org.apache.servicecomb.config.ConfigUtil.createLocalConfig(ConfigUtil.java:114)
[2019-03-11 14:14:37,661/CST][main][INFO] jar:file:/E:/mvn/org/apache/servicecomb/java-chassis-core/1.0.0/java-chassis-core-1.0.0.jar!/microservice.yaml. org.apache.servicecomb.config.ConfigUtil.createLocalConfig(ConfigUtil.java:116)
[2019-03-11 14:14:37,661/CST][main][INFO] jar:file:/E:/mvn/com/huawei/paas/cse/cse-solution-service-engine/2.3.62/cse-solution-service-engine-2.3.62.jar!/microservice.yaml. org.apache.servicecomb.config.ConfigUtil.createLocalConfig(ConfigUtil.java:116)
[2019-03-11 14:14:37,662/CST][main][INFO] file:/E:/github/poter/porter_lightweight/common/target/classes/microservice.yaml. org.apache.servicecomb.config.ConfigUtil.createLocalConfig(ConfigUtil.java:116)
[2019-03-11 14:14:37,662/CST][main][INFO] file:/E:/github/poter/porter_lightweight/gateway-service/target/classes/microservice.yaml. org.apache.servicecomb.config.ConfigUtil.createLocalConfig(ConfigUtil.java:116)
[2019-03-11 14:14:37,670/CST][main][INFO]Found SPI service org.apache.servicecomb.deployment.DeploymentProvider, count=1. org.apache.servicecomb.foundation.common.utils.SPIServiceUtils.loadSortedService(SPIServiceUtils.java:76)
[2019-03-11 14:14:37,670/CST][main][INFO]  0. org.apache.servicecomb.deployment.DefaultDeploymentProvider. org.apache.servicecomb.foundation.common.utils.SPIServiceUtils.loadSortedService(SPIServiceUtils.java:79)
[2019-03-11 14:14:38,121/CST][main][WARN]keyStore [E:\github\poter\porter_lightweight\gateway-service\server.p12] file not exist, please check! org.apache.servicecomb.foundation.vertx.VertxTLSBuilder.buildTCPSSLOptions(VertxTLSBuilder.java:118)
[2019-03-11 14:14:38,121/CST][main][WARN]trustStore [E:\github\poter\porter_lightweight\gateway-service\trust.jks] file not exist, please check! org.apache.servicecomb.foundation.vertx.VertxTLSBuilder.buildTCPSSLOptions(VertxTLSBuilder.java:138)
[2019-03-11 14:14:38,500/CST][config-center-vert.x-eventloop-thread-0][INFO]add network interface name:eth3,host address:10.129.52.171 org.apache.servicecomb.foundation.common.net.NetUtils.doGetIpv4AddressFromNetworkInterface(NetUtils.java:118)
[2019-03-11 14:14:38,517/CST][config-center-vert.x-eventloop-thread-0][INFO]add host name from localhost:USER-20190208HG,host address:10.129.52.171 org.apache.servicecomb.foundation.common.net.NetUtils.doGetHostNameAndHostAddress(NetUtils.java:76)
[2019-03-11 14:14:38,545/CST][config-center-vert.x-eventloop-thread-0][INFO]Found SPI service com.huawei.paas.foundation.auth.credentials.AKSKCipher, count=2. org.apache.servicecomb.foundation.common.utils.SPIServiceUtils.loadSortedService(SPIServiceUtils.java:76)
[2019-03-11 14:14:38,546/CST][config-center-vert.x-eventloop-thread-0][INFO]  0. com.huawei.paas.foundation.auth.credentials.DefaultAKSKCipher. org.apache.servicecomb.foundation.common.utils.SPIServiceUtils.loadSortedService(SPIServiceUtils.java:79)
[2019-03-11 14:14:38,546/CST][config-center-vert.x-eventloop-thread-0][INFO]  1. com.huawei.paas.foundation.auth.credentials.SecurityAKSKCipher. org.apache.servicecomb.foundation.common.utils.SPIServiceUtils.loadSortedService(SPIServiceUtils.java:79)
[2019-03-11 14:14:38,547/CST][config-center-vert.x-eventloop-thread-0][INFO]add ak/sk cipher default com.huawei.paas.foundation.auth.credentials.AKSKManager.lambda$static$0(AKSKManager.java:41)
[2019-03-11 14:14:38,548/CST][config-center-vert.x-eventloop-thread-0][INFO]add ak/sk cipher security com.huawei.paas.foundation.auth.credentials.AKSKManager.lambda$static$0(AKSKManager.java:41)
[2019-03-11 14:14:38,549/CST][config-center-vert.x-eventloop-thread-0][INFO]read ak/sk from microservice.yaml. com.huawei.paas.foundation.auth.credentials.AKSKOption.buildFromYaml(AKSKOption.java:158)
[2019-03-11 14:14:38,553/CST][config-center-vert.x-eventloop-thread-0][INFO]The application missing project infomation, so choose a nearest one [cn-north-1] com.huawei.paas.foundation.auth.credentials.AKSKManager.getCredential(AKSKManager.java:81)
[2019-03-11 14:14:39,233/CST][config-center-vert.x-eventloop-thread-0][ERROR]Config update from https://cse.cn-north-1.myhuaweicloud.com failed. org.apache.servicecomb.config.client.ConfigCenterClient$ConfigRefresh.lambda$null$11(ConfigCenterClient.java:409)
[2019-03-11 14:14:39,239/CST][config-center-vert.x-eventloop-thread-0][ERROR]Server error message is [{"error_code":"SVCSTG.CSE.401401","error_message":"auth token valid fail: AK is not exist!"}]. org.apache.servicecomb.config.client.ConfigCenterClient$ConfigRefresh.lambda$null$10(ConfigCenterClient.java:405)
[2019-03-11 14:14:39,570/CST][config-center-vert.x-eventloop-thread-0][ERROR]Config update from https://cse.cn-north-1.myhuaweicloud.com failed. org.apache.servicecomb.config.client.ConfigCenterClient$ConfigRefresh.lambda$null$11(ConfigCenterClient.java:409)
[2019-03-11 14:14:39,571/CST][config-center-vert.x-eventloop-thread-0][ERROR]Server error message is [{"error_code":"SVCSTG.CSE.401401","error_message":"auth token valid fail: AK is not exist!"}]. org.apache.servicecomb.config.client.ConfigCenterClient$ConfigRefresh.lambda$null$10(ConfigCenterClient.java:405)
[2019-03-11 14:14:44,658/CST][config-center-vert.x-eventloop-thread-0][ERROR]Config update from https://cse.cn-north-1.myhuaweicloud.com failed. org.apache.servicecomb.config.client.ConfigCenterClient$ConfigRefresh.lambda$null$11(ConfigCenterClient.java:409)
[2019-03-11 14:14:44,659/CST][config-center-vert.x-eventloop-thread-0][ERROR]Server error message is [{"error_code":"SVCSTG.CSE.401401","error_message":"auth token valid fail: AK is not exist!"}]. org.apache.servicecomb.config.client.ConfigCenterClient$ConfigRefresh.lambda$null$10(ConfigCenterClient.java:405)
[2019-03-11 14:14:49,778/CST][config-center-vert.x-eventloop-thread-0][ERROR]Config update from https://cse.cn-north-1.myhuaweicloud.com failed. org.apache.servicecomb.config.client.ConfigCenterClient$ConfigRefresh.lambda$null$11(ConfigCenterClient.java:409)
[2019-03-11 14:14:49,779/CST][config-center-vert.x-eventloop-thread-0][ERROR]Server error message is [{"error_code":"SVCSTG.CSE.401401","error_message":"auth token valid fail: AK is not exist!"}]. org.apache.servicecomb.config.client.ConfigCenterClient$ConfigRefresh.lambda$null$10(ConfigCenterClient.java:405)
[2019-03-11 14:14:55,253/CST][config-center-vert.x-eventloop-thread-0][ERROR]Config update from https://cse.cn-north-1.myhuaweicloud.com failed. org.apache.servicecomb.config.client.ConfigCenterClient$ConfigRefresh.lambda$null$11(ConfigCenterClient.java:409)
[2019-03-11 14:14:55,253/CST][config-center-vert.x-eventloop-thread-0][ERROR]Server error message is [{"error_code":"SVCSTG.CSE.401401","error_message":"auth token valid fail: AK is not exist!"}]. org.apache.servicecomb.config.client.ConfigCenterClient$ConfigRefresh.lambda$null$10(ConfigCenterClient.java:405)
[2019-03-11 14:15:09,597/CST][main][ERROR]Can not output merged.log4j.properties,because can not write to directory of file file:/E:/mvn/org/apache/servicecomb/foundation-common/1.0.0/foundation-common-1.0.0.jar!/config/base/log4j.properties org.apache.servicecomb.foundation.common.utils.Log4jUtils.outputFile(Log4jUtils.java:103)
[2019-03-11 14:15:09,608/CST][main][INFO]Found main class "com.huawei.cse.porter.gateway.GatewayMain". org.apache.servicecomb.foundation.common.utils.JvmUtils.findMainClass(JvmUtils.java:62)
[2019-03-11 14:15:09,646/CST][main][INFO]Refreshing org.springframework.context.support.ClassPathXmlApplicationContext@1936f0f5: startup date [Mon Mar 11 14:15:09 CST 2019]; root of context hierarchy org.springframework.context.support.AbstractApplicationContext.prepareRefresh(AbstractApplicationContext.java:583)
[2019-03-11 14:15:09,724/CST][main][INFO]Loading XML bean definitions from URL [jar:file:/E:/mvn/org/apache/servicecomb/foundation-common/1.0.0/foundation-common-1.0.0.jar!/META-INF/spring/common.bean.xml] org.springframework.beans.factory.xml.XmlBeanDefinitionReader.loadBeanDefinitions(XmlBeanDefinitionReader.java:317)
[2019-03-11 14:15:09,821/CST][main][INFO]Loading XML bean definitions from URL [jar:file:/E:/mvn/org/apache/servicecomb/java-chassis-core/1.0.0/java-chassis-core-1.0.0.jar!/META-INF/spring/cse.bean.xml] org.springframework.beans.factory.xml.XmlBeanDefinitionReader.loadBeanDefinitions(XmlBeanDefinitionReader.java:317)
[2019-03-11 14:15:10,342/CST][main][INFO]Loading XML bean definitions from URL [jar:file:/E:/mvn/org/apache/servicecomb/foundation-config/1.1.0.B036/foundation-config-1.1.0.B036.jar!/META-INF/spring/cse.bean.xml] org.springframework.beans.factory.xml.XmlBeanDefinitionReader.loadBeanDefinitions(XmlBeanDefinitionReader.java:317)
[2019-03-11 14:15:10,362/CST][main][INFO]Loading XML bean definitions from URL [jar:file:/E:/mvn/org/apache/servicecomb/foundation-vertx/1.1.0.B036/foundation-vertx-1.1.0.B036.jar!/META-INF/spring/cse.bean.xml] org.springframework.beans.factory.xml.XmlBeanDefinitionReader.loadBeanDefinitions(XmlBeanDefinitionReader.java:317)
[2019-03-11 14:15:10,378/CST][main][INFO]Loading XML bean definitions from URL [jar:file:/E:/mvn/org/apache/servicecomb/handler-bizkeeper/1.1.0.B036/handler-bizkeeper-1.1.0.B036.jar!/META-INF/spring/cse.bean.xml] org.springframework.beans.factory.xml.XmlBeanDefinitionReader.loadBeanDefinitions(XmlBeanDefinitionReader.java:317)
[2019-03-11 14:15:10,394/CST][main][INFO]Loading XML bean definitions from URL [jar:file:/E:/mvn/org/apache/servicecomb/handler-loadbalance/1.1.0.B036/handler-loadbalance-1.1.0.B036.jar!/META-INF/spring/cse.bean.xml] org.springframework.beans.factory.xml.XmlBeanDefinitionReader.loadBeanDefinitions(XmlBeanDefinitionReader.java:317)
[2019-03-11 14:15:10,408/CST][main][INFO]Loading XML bean definitions from URL [jar:file:/E:/mvn/com/huawei/paas/cse/cse-handler-cloud-extension/2.3.62/cse-handler-cloud-extension-2.3.62.jar!/META-INF/spring/services.bean.xml] org.springframework.beans.factory.xml.XmlBeanDefinitionReader.loadBeanDefinitions(XmlBeanDefinitionReader.java:317)
[2019-03-11 14:15:10,733/CST][main][INFO]Environment received, will get configurations from [org.springframework.core.env.StandardEnvironment@488600086]. org.apache.servicecomb.config.ConfigurationSpringInitializer.setEnvironment(ConfigurationSpringInitializer.java:59)
[2019-03-11 14:15:10,756/CST][main][WARN]No URLs will be polled as dynamic configuration sources. com.netflix.config.sources.URLConfigurationSource.<init>(URLConfigurationSource.java:121)
[2019-03-11 14:15:10,756/CST][main][INFO]To enable URLs as dynamic configuration sources, define System property archaius.configurationSource.additionalUrls or make config.properties available on classpath. com.netflix.config.sources.URLConfigurationSource.<init>(URLConfigurationSource.java:122)
[2019-03-11 14:15:10,822/CST][main][ERROR]cse-config-order will not be supported in future, please change it to servicecomb-config-order org.apache.servicecomb.config.archaius.sources.AbstractConfigLoader.load(AbstractConfigLoader.java:73)
[2019-03-11 14:15:10,828/CST][main][ERROR]cse-config-order will not be supported in future, please change it to servicecomb-config-order org.apache.servicecomb.config.archaius.sources.AbstractConfigLoader.load(AbstractConfigLoader.java:73)
[2019-03-11 14:15:10,834/CST][main][INFO]create local config: org.apache.servicecomb.config.ConfigUtil.createLocalConfig(ConfigUtil.java:114)
[2019-03-11 14:15:10,836/CST][main][INFO] jar:file:/E:/mvn/org/apache/servicecomb/java-chassis-core/1.0.0/java-chassis-core-1.0.0.jar!/microservice.yaml. org.apache.servicecomb.config.ConfigUtil.createLocalConfig(ConfigUtil.java:116)
[2019-03-11 14:15:10,836/CST][main][INFO] jar:file:/E:/mvn/com/huawei/paas/cse/cse-solution-service-engine/2.3.62/cse-solution-service-engine-2.3.62.jar!/microservice.yaml. org.apache.servicecomb.config.ConfigUtil.createLocalConfig(ConfigUtil.java:116)
[2019-03-11 14:15:10,837/CST][main][INFO] file:/E:/github/poter/porter_lightweight/common/target/classes/microservice.yaml. org.apache.servicecomb.config.ConfigUtil.createLocalConfig(ConfigUtil.java:116)
[2019-03-11 14:15:10,837/CST][main][INFO] file:/E:/github/poter/porter_lightweight/gateway-service/target/classes/microservice.yaml. org.apache.servicecomb.config.ConfigUtil.createLocalConfig(ConfigUtil.java:116)
[2019-03-11 14:15:10,878/CST][main][INFO]Found SPI service org.apache.servicecomb.config.spi.ConfigCenterConfigurationSource, count=1. org.apache.servicecomb.foundation.common.utils.SPIServiceUtils.loadSortedService(SPIServiceUtils.java:76)
[2019-03-11 14:15:10,878/CST][main][INFO]  0. org.apache.servicecomb.config.archaius.sources.ConfigCenterConfigurationSourceImpl. org.apache.servicecomb.foundation.common.utils.SPIServiceUtils.loadSortedService(SPIServiceUtils.java:79)
[2019-03-11 14:15:10,883/CST][main][ERROR]cse-config-order will not be supported in future, please change it to servicecomb-config-order org.apache.servicecomb.config.archaius.sources.AbstractConfigLoader.load(AbstractConfigLoader.java:73)
[2019-03-11 14:15:10,885/CST][main][ERROR]cse-config-order will not be supported in future, please change it to servicecomb-config-order org.apache.servicecomb.config.archaius.sources.AbstractConfigLoader.load(AbstractConfigLoader.java:73)
[2019-03-11 14:15:10,888/CST][main][INFO]create local config: org.apache.servicecomb.config.ConfigUtil.createLocalConfig(ConfigUtil.java:114)
[2019-03-11 14:15:10,889/CST][main][INFO] jar:file:/E:/mvn/org/apache/servicecomb/java-chassis-core/1.0.0/java-chassis-core-1.0.0.jar!/microservice.yaml. org.apache.servicecomb.config.ConfigUtil.createLocalConfig(ConfigUtil.java:116)
[2019-03-11 14:15:10,889/CST][main][INFO] jar:file:/E:/mvn/com/huawei/paas/cse/cse-solution-service-engine/2.3.62/cse-solution-service-engine-2.3.62.jar!/microservice.yaml. org.apache.servicecomb.config.ConfigUtil.createLocalConfig(ConfigUtil.java:116)
[2019-03-11 14:15:10,890/CST][main][INFO] file:/E:/github/poter/porter_lightweight/common/target/classes/microservice.yaml. org.apache.servicecomb.config.ConfigUtil.createLocalConfig(ConfigUtil.java:116)
[2019-03-11 14:15:10,890/CST][main][INFO] file:/E:/github/poter/porter_lightweight/gateway-service/target/classes/microservice.yaml. org.apache.servicecomb.config.ConfigUtil.createLocalConfig(ConfigUtil.java:116)
[2019-03-11 14:15:10,894/CST][main][INFO]Found SPI service org.apache.servicecomb.deployment.DeploymentProvider, count=1. org.apache.servicecomb.foundation.common.utils.SPIServiceUtils.loadSortedService(SPIServiceUtils.java:76)
[2019-03-11 14:15:10,894/CST][main][INFO]  0. org.apache.servicecomb.deployment.DefaultDeploymentProvider. org.apache.servicecomb.foundation.common.utils.SPIServiceUtils.loadSortedService(SPIServiceUtils.java:79)
[2019-03-11 14:15:11,287/CST][main][WARN]keyStore [E:\github\poter\porter_lightweight\gateway-service\server.p12] file not exist, please check! org.apache.servicecomb.foundation.vertx.VertxTLSBuilder.buildTCPSSLOptions(VertxTLSBuilder.java:118)
[2019-03-11 14:15:11,288/CST][main][WARN]trustStore [E:\github\poter\porter_lightweight\gateway-service\trust.jks] file not exist, please check! org.apache.servicecomb.foundation.vertx.VertxTLSBuilder.buildTCPSSLOptions(VertxTLSBuilder.java:138)
[2019-03-11 14:15:11,659/CST][config-center-vert.x-eventloop-thread-0][INFO]add network interface name:eth3,host address:10.129.52.171 org.apache.servicecomb.foundation.common.net.NetUtils.doGetIpv4AddressFromNetworkInterface(NetUtils.java:118)
[2019-03-11 14:15:11,677/CST][config-center-vert.x-eventloop-thread-0][INFO]add host name from localhost:USER-20190208HG,host address:10.129.52.171 org.apache.servicecomb.foundation.common.net.NetUtils.doGetHostNameAndHostAddress(NetUtils.java:76)
[2019-03-11 14:15:11,705/CST][config-center-vert.x-eventloop-thread-0][INFO]Found SPI service com.huawei.paas.foundation.auth.credentials.AKSKCipher, count=2. org.apache.servicecomb.foundation.common.utils.SPIServiceUtils.loadSortedService(SPIServiceUtils.java:76)
[2019-03-11 14:15:11,705/CST][config-center-vert.x-eventloop-thread-0][INFO]  0. com.huawei.paas.foundation.auth.credentials.DefaultAKSKCipher. org.apache.servicecomb.foundation.common.utils.SPIServiceUtils.loadSortedService(SPIServiceUtils.java:79)
[2019-03-11 14:15:11,705/CST][config-center-vert.x-eventloop-thread-0][INFO]  1. com.huawei.paas.foundation.auth.credentials.SecurityAKSKCipher. org.apache.servicecomb.foundation.common.utils.SPIServiceUtils.loadSortedService(SPIServiceUtils.java:79)
[2019-03-11 14:15:11,706/CST][config-center-vert.x-eventloop-thread-0][INFO]add ak/sk cipher default com.huawei.paas.foundation.auth.credentials.AKSKManager.lambda$static$0(AKSKManager.java:41)
[2019-03-11 14:15:11,706/CST][config-center-vert.x-eventloop-thread-0][INFO]add ak/sk cipher security com.huawei.paas.foundation.auth.credentials.AKSKManager.lambda$static$0(AKSKManager.java:41)
[2019-03-11 14:15:11,707/CST][config-center-vert.x-eventloop-thread-0][INFO]read ak/sk from microservice.yaml. com.huawei.paas.foundation.auth.credentials.AKSKOption.buildFromYaml(AKSKOption.java:158)
[2019-03-11 14:15:11,710/CST][config-center-vert.x-eventloop-thread-0][INFO]The application missing project infomation, so choose a nearest one [cn-north-1] com.huawei.paas.foundation.auth.credentials.AKSKManager.getCredential(AKSKManager.java:81)
[2019-03-11 14:15:12,205/CST][config-center-vert.x-eventloop-thread-0][ERROR]Config update from https://cse.cn-north-1.myhuaweicloud.com failed. org.apache.servicecomb.config.client.ConfigCenterClient$ConfigRefresh.lambda$null$11(ConfigCenterClient.java:409)
[2019-03-11 14:15:12,215/CST][config-center-vert.x-eventloop-thread-0][ERROR]Server error message is [{"error_code":"SVCSTG.CSE.401401","error_message":"auth token valid fail: AK is not exist!"}]. org.apache.servicecomb.config.client.ConfigCenterClient$ConfigRefresh.lambda$null$10(ConfigCenterClient.java:405)
[2019-03-11 14:15:12,309/CST][config-center-vert.x-eventloop-thread-0][ERROR]Config update from https://cse.cn-north-1.myhuaweicloud.com failed. org.apache.servicecomb.config.client.ConfigCenterClient$ConfigRefresh.lambda$null$11(ConfigCenterClient.java:409)
[2019-03-11 14:15:12,309/CST][config-center-vert.x-eventloop-thread-0][ERROR]Server error message is [{"error_code":"SVCSTG.CSE.401401","error_message":"auth token valid fail: AK is not exist!"}]. org.apache.servicecomb.config.client.ConfigCenterClient$ConfigRefresh.lambda$null$10(ConfigCenterClient.java:405)
