[2019-03-11 14:27:05,554/CST][main][ERROR]Can not output merged.log4j.properties,because can not write to directory of file file:/E:/mvn/org/apache/servicecomb/transport-rest-vertx/1.1.0.B036/transport-rest-vertx-1.1.0.B036.jar!/config/base/log4j.properties org.apache.servicecomb.foundation.common.utils.Log4jUtils.outputFile(Log4jUtils.java:103)
[2019-03-11 14:27:05,566/CST][main][INFO]Found main class "com.huawei.cse.porter.file.FileMain". org.apache.servicecomb.foundation.common.utils.JvmUtils.findMainClass(JvmUtils.java:62)
[2019-03-11 14:27:05,610/CST][main][INFO]Refreshing org.springframework.context.support.ClassPathXmlApplicationContext@6537cf78: startup date [Mon Mar 11 14:27:05 CST 2019]; root of context hierarchy org.springframework.context.support.AbstractApplicationContext.prepareRefresh(AbstractApplicationContext.java:583)
[2019-03-11 14:27:05,685/CST][main][INFO]Loading XML bean definitions from file [E:\github\poter\porter_lightweight\file-service\target\classes\META-INF\spring\file.bean.xml] org.springframework.beans.factory.xml.XmlBeanDefinitionReader.loadBeanDefinitions(XmlBeanDefinitionReader.java:317)
[2019-03-11 14:27:05,883/CST][main][INFO]Loading XML bean definitions from URL [jar:file:/E:/mvn/org/apache/servicecomb/foundation-config/1.1.0.B036/foundation-config-1.1.0.B036.jar!/META-INF/spring/cse.bean.xml] org.springframework.beans.factory.xml.XmlBeanDefinitionReader.loadBeanDefinitions(XmlBeanDefinitionReader.java:317)
[2019-03-11 14:27:05,902/CST][main][INFO]Loading XML bean definitions from URL [jar:file:/E:/mvn/org/apache/servicecomb/foundation-vertx/1.1.0.B036/foundation-vertx-1.1.0.B036.jar!/META-INF/spring/cse.bean.xml] org.springframework.beans.factory.xml.XmlBeanDefinitionReader.loadBeanDefinitions(XmlBeanDefinitionReader.java:317)
[2019-03-11 14:27:05,920/CST][main][INFO]Loading XML bean definitions from URL [jar:file:/E:/mvn/org/apache/servicecomb/java-chassis-core/1.1.0.B036/java-chassis-core-1.1.0.B036.jar!/META-INF/spring/cse.bean.xml] org.springframework.beans.factory.xml.XmlBeanDefinitionReader.loadBeanDefinitions(XmlBeanDefinitionReader.java:317)
[2019-03-11 14:27:06,335/CST][main][INFO]Loading XML bean definitions from URL [jar:file:/E:/mvn/org/apache/servicecomb/handler-bizkeeper/1.1.0.B036/handler-bizkeeper-1.1.0.B036.jar!/META-INF/spring/cse.bean.xml] org.springframework.beans.factory.xml.XmlBeanDefinitionReader.loadBeanDefinitions(XmlBeanDefinitionReader.java:317)
[2019-03-11 14:27:06,348/CST][main][INFO]Loading XML bean definitions from URL [jar:file:/E:/mvn/org/apache/servicecomb/handler-loadbalance/1.1.0.B036/handler-loadbalance-1.1.0.B036.jar!/META-INF/spring/cse.bean.xml] org.springframework.beans.factory.xml.XmlBeanDefinitionReader.loadBeanDefinitions(XmlBeanDefinitionReader.java:317)
[2019-03-11 14:27:06,361/CST][main][INFO]Loading XML bean definitions from URL [jar:file:/E:/mvn/com/huawei/paas/cse/cse-handler-cloud-extension/2.3.62/cse-handler-cloud-extension-2.3.62.jar!/META-INF/spring/services.bean.xml] org.springframework.beans.factory.xml.XmlBeanDefinitionReader.loadBeanDefinitions(XmlBeanDefinitionReader.java:317)
[2019-03-11 14:27:06,687/CST][main][INFO]Environment received, will get configurations from [org.springframework.core.env.StandardEnvironment@1387620926]. org.apache.servicecomb.config.ConfigurationSpringInitializer.setEnvironment(ConfigurationSpringInitializer.java:59)
[2019-03-11 14:27:06,719/CST][main][WARN]No URLs will be polled as dynamic configuration sources. com.netflix.config.sources.URLConfigurationSource.<init>(URLConfigurationSource.java:121)
[2019-03-11 14:27:06,719/CST][main][INFO]To enable URLs as dynamic configuration sources, define System property archaius.configurationSource.additionalUrls or make config.properties available on classpath. com.netflix.config.sources.URLConfigurationSource.<init>(URLConfigurationSource.java:122)
[2019-03-11 14:27:06,783/CST][main][ERROR]cse-config-order will not be supported in future, please change it to servicecomb-config-order org.apache.servicecomb.config.archaius.sources.AbstractConfigLoader.load(AbstractConfigLoader.java:73)
[2019-03-11 14:27:06,789/CST][main][ERROR]cse-config-order will not be supported in future, please change it to servicecomb-config-order org.apache.servicecomb.config.archaius.sources.AbstractConfigLoader.load(AbstractConfigLoader.java:73)
[2019-03-11 14:27:06,794/CST][main][INFO]create local config: org.apache.servicecomb.config.ConfigUtil.createLocalConfig(ConfigUtil.java:114)
[2019-03-11 14:27:06,796/CST][main][INFO] jar:file:/E:/mvn/org/apache/servicecomb/java-chassis-core/1.1.0.B036/java-chassis-core-1.1.0.B036.jar!/microservice.yaml. org.apache.servicecomb.config.ConfigUtil.createLocalConfig(ConfigUtil.java:116)
[2019-03-11 14:27:06,796/CST][main][INFO] jar:file:/E:/mvn/com/huawei/paas/cse/cse-solution-service-engine/2.3.62/cse-solution-service-engine-2.3.62.jar!/microservice.yaml. org.apache.servicecomb.config.ConfigUtil.createLocalConfig(ConfigUtil.java:116)
[2019-03-11 14:27:06,797/CST][main][INFO] file:/E:/github/poter/porter_lightweight/common/target/classes/microservice.yaml. org.apache.servicecomb.config.ConfigUtil.createLocalConfig(ConfigUtil.java:116)
[2019-03-11 14:27:06,797/CST][main][INFO] file:/E:/github/poter/porter_lightweight/file-service/target/classes/microservice.yaml. org.apache.servicecomb.config.ConfigUtil.createLocalConfig(ConfigUtil.java:116)
[2019-03-11 14:27:06,835/CST][main][INFO]Found SPI service org.apache.servicecomb.config.spi.ConfigCenterConfigurationSource, count=1. org.apache.servicecomb.foundation.common.utils.SPIServiceUtils.loadSortedService(SPIServiceUtils.java:79)
[2019-03-11 14:27:06,835/CST][main][INFO]  0. org.apache.servicecomb.config.archaius.sources.ConfigCenterConfigurationSourceImpl. org.apache.servicecomb.foundation.common.utils.SPIServiceUtils.loadSortedService(SPIServiceUtils.java:82)
[2019-03-11 14:27:06,838/CST][main][ERROR]cse-config-order will not be supported in future, please change it to servicecomb-config-order org.apache.servicecomb.config.archaius.sources.AbstractConfigLoader.load(AbstractConfigLoader.java:73)
[2019-03-11 14:27:06,842/CST][main][ERROR]cse-config-order will not be supported in future, please change it to servicecomb-config-order org.apache.servicecomb.config.archaius.sources.AbstractConfigLoader.load(AbstractConfigLoader.java:73)
[2019-03-11 14:27:06,845/CST][main][INFO]create local config: org.apache.servicecomb.config.ConfigUtil.createLocalConfig(ConfigUtil.java:114)
[2019-03-11 14:27:06,846/CST][main][INFO] jar:file:/E:/mvn/org/apache/servicecomb/java-chassis-core/1.1.0.B036/java-chassis-core-1.1.0.B036.jar!/microservice.yaml. org.apache.servicecomb.config.ConfigUtil.createLocalConfig(ConfigUtil.java:116)
[2019-03-11 14:27:06,846/CST][main][INFO] jar:file:/E:/mvn/com/huawei/paas/cse/cse-solution-service-engine/2.3.62/cse-solution-service-engine-2.3.62.jar!/microservice.yaml. org.apache.servicecomb.config.ConfigUtil.createLocalConfig(ConfigUtil.java:116)
[2019-03-11 14:27:06,847/CST][main][INFO] file:/E:/github/poter/porter_lightweight/common/target/classes/microservice.yaml. org.apache.servicecomb.config.ConfigUtil.createLocalConfig(ConfigUtil.java:116)
[2019-03-11 14:27:06,847/CST][main][INFO] file:/E:/github/poter/porter_lightweight/file-service/target/classes/microservice.yaml. org.apache.servicecomb.config.ConfigUtil.createLocalConfig(ConfigUtil.java:116)
[2019-03-11 14:27:06,854/CST][main][INFO]Found SPI service org.apache.servicecomb.deployment.DeploymentProvider, count=1. org.apache.servicecomb.foundation.common.utils.SPIServiceUtils.loadSortedService(SPIServiceUtils.java:79)
[2019-03-11 14:27:06,854/CST][main][INFO]  0. org.apache.servicecomb.deployment.DefaultDeploymentProvider. org.apache.servicecomb.foundation.common.utils.SPIServiceUtils.loadSortedService(SPIServiceUtils.java:82)
[2019-03-11 14:27:07,204/CST][main][WARN]keyStore [server.p12] file not exist, please check! org.apache.servicecomb.foundation.vertx.VertxTLSBuilder.buildTCPSSLOptions(VertxTLSBuilder.java:118)
[2019-03-11 14:27:07,204/CST][main][WARN]trustStore [trust.jks] file not exist, please check! org.apache.servicecomb.foundation.vertx.VertxTLSBuilder.buildTCPSSLOptions(VertxTLSBuilder.java:138)
[2019-03-11 14:27:07,558/CST][config-center-vert.x-eventloop-thread-0][INFO]add network interface name:eth3,host address:10.129.52.171 org.apache.servicecomb.foundation.common.net.NetUtils.doGetIpv4AddressFromNetworkInterface(NetUtils.java:118)
[2019-03-11 14:27:07,580/CST][config-center-vert.x-eventloop-thread-0][INFO]add host name from localhost:USER-20190208HG,host address:10.129.52.171 org.apache.servicecomb.foundation.common.net.NetUtils.doGetHostNameAndHostAddress(NetUtils.java:76)
[2019-03-11 14:27:07,607/CST][config-center-vert.x-eventloop-thread-0][INFO]Found SPI service com.huawei.paas.foundation.auth.credentials.AKSKCipher, count=2. org.apache.servicecomb.foundation.common.utils.SPIServiceUtils.loadSortedService(SPIServiceUtils.java:79)
[2019-03-11 14:27:07,607/CST][config-center-vert.x-eventloop-thread-0][INFO]  0. com.huawei.paas.foundation.auth.credentials.DefaultAKSKCipher. org.apache.servicecomb.foundation.common.utils.SPIServiceUtils.loadSortedService(SPIServiceUtils.java:82)
[2019-03-11 14:27:07,607/CST][config-center-vert.x-eventloop-thread-0][INFO]  1. com.huawei.paas.foundation.auth.credentials.SecurityAKSKCipher. org.apache.servicecomb.foundation.common.utils.SPIServiceUtils.loadSortedService(SPIServiceUtils.java:82)
[2019-03-11 14:27:07,608/CST][config-center-vert.x-eventloop-thread-0][INFO]add ak/sk cipher default com.huawei.paas.foundation.auth.credentials.AKSKManager.lambda$static$0(AKSKManager.java:41)
[2019-03-11 14:27:07,608/CST][config-center-vert.x-eventloop-thread-0][INFO]add ak/sk cipher security com.huawei.paas.foundation.auth.credentials.AKSKManager.lambda$static$0(AKSKManager.java:41)
[2019-03-11 14:27:07,609/CST][config-center-vert.x-eventloop-thread-0][INFO]read ak/sk from microservice.yaml. com.huawei.paas.foundation.auth.credentials.AKSKOption.buildFromYaml(AKSKOption.java:158)
[2019-03-11 14:27:07,613/CST][config-center-vert.x-eventloop-thread-0][INFO]The application missing project infomation, so choose a nearest one [cn-north-1] com.huawei.paas.foundation.auth.credentials.AKSKManager.getCredential(AKSKManager.java:81)
[2019-03-11 14:27:08,127/CST][config-center-vert.x-eventloop-thread-0][ERROR]Config update from https://cse.cn-north-1.myhuaweicloud.com failed. org.apache.servicecomb.config.client.ConfigCenterClient$ConfigRefresh.lambda$null$11(ConfigCenterClient.java:409)
[2019-03-11 14:27:08,136/CST][config-center-vert.x-eventloop-thread-0][ERROR]Server error message is [{"error_code":"SVCSTG.CSE.401401","error_message":"auth token valid fail: AK is not exist!"}]. org.apache.servicecomb.config.client.ConfigCenterClient$ConfigRefresh.lambda$null$10(ConfigCenterClient.java:405)
[2019-03-11 14:27:08,248/CST][config-center-vert.x-eventloop-thread-0][ERROR]Config update from https://cse.cn-north-1.myhuaweicloud.com failed. org.apache.servicecomb.config.client.ConfigCenterClient$ConfigRefresh.lambda$null$11(ConfigCenterClient.java:409)
[2019-03-11 14:27:08,249/CST][config-center-vert.x-eventloop-thread-0][ERROR]Server error message is [{"error_code":"SVCSTG.CSE.401401","error_message":"auth token valid fail: AK is not exist!"}]. org.apache.servicecomb.config.client.ConfigCenterClient$ConfigRefresh.lambda$null$10(ConfigCenterClient.java:405)
[2019-03-11 14:27:13,427/CST][config-center-vert.x-eventloop-thread-0][ERROR]Config update from https://cse.cn-north-1.myhuaweicloud.com failed. org.apache.servicecomb.config.client.ConfigCenterClient$ConfigRefresh.lambda$null$11(ConfigCenterClient.java:409)
[2019-03-11 14:27:13,428/CST][config-center-vert.x-eventloop-thread-0][ERROR]Server error message is [{"error_code":"SVCSTG.CSE.401401","error_message":"auth token valid fail: AK is not exist!"}]. org.apache.servicecomb.config.client.ConfigCenterClient$ConfigRefresh.lambda$null$10(ConfigCenterClient.java:405)
